> Task :gradle:compileJava NO-SOURCE
> Task :gradle:compileGroovy UP-TO-DATE
> Task :gradle:pluginDescriptors UP-TO-DATE
> Task :gradle:processResources UP-TO-DATE
> Task :gradle:classes UP-TO-DATE
> Task :gradle:jar UP-TO-DATE
WARNING: We recommend using a newer Android Gradle plugin to use compileSdk = 34

This Android Gradle plugin (8.1.0) was tested up to compileSdk = 33 (and compileSdkPreview = "UpsideDownCakePrivacySandbox").

You are strongly encouraged to update your project to use a newer
Android Gradle plugin that has been tested with compileSdk = 34.

If you are already using the latest version of the Android Gradle plugin,
you may need to wait until a newer version with support for compileSdk = 34 is available.

To suppress this warning, add/update
    android.suppressUnsupportedCompileSdk=34
to this project's gradle.properties.
> Task :app:preBuild UP-TO-DATE
> Task :app:preDebugBuild UP-TO-DATE
> Task :app:mergeDebugNativeDebugMetadata NO-SOURCE
> Task :app:compileFlutterBuildDebug
> Task :app:packJniLibsflutterBuildDebug UP-TO-DATE
> Task :cloud_firestore:preBuild UP-TO-DATE
> Task :cloud_firestore:preDebugBuild UP-TO-DATE
> Task :cloud_firestore:writeDebugAarMetadata UP-TO-DATE
> Task :firebase_auth:preBuild UP-TO-DATE
> Task :firebase_auth:preDebugBuild UP-TO-DATE
> Task :firebase_auth:writeDebugAarMetadata UP-TO-DATE
> Task :firebase_core:preBuild UP-TO-DATE
> Task :firebase_core:preDebugBuild UP-TO-DATE
> Task :firebase_core:writeDebugAarMetadata UP-TO-DATE
> Task :shared_preferences_android:preBuild UP-TO-DATE
> Task :shared_preferences_android:preDebugBuild UP-TO-DATE
> Task :shared_preferences_android:writeDebugAarMetadata UP-TO-DATE
> Task :app:checkDebugAarMetadata UP-TO-DATE
> Task :app:cleanMergeDebugAssets
> Task :app:mergeDebugShaders UP-TO-DATE
> Task :app:compileDebugShaders NO-SOURCE
> Task :app:generateDebugAssets UP-TO-DATE
> Task :cloud_firestore:mergeDebugShaders UP-TO-DATE
> Task :cloud_firestore:compileDebugShaders NO-SOURCE
> Task :cloud_firestore:generateDebugAssets UP-TO-DATE
> Task :cloud_firestore:packageDebugAssets UP-TO-DATE
> Task :firebase_auth:mergeDebugShaders UP-TO-DATE
> Task :firebase_auth:compileDebugShaders NO-SOURCE
> Task :firebase_auth:generateDebugAssets UP-TO-DATE
> Task :firebase_auth:packageDebugAssets UP-TO-DATE
> Task :firebase_core:mergeDebugShaders UP-TO-DATE
> Task :firebase_core:compileDebugShaders NO-SOURCE
> Task :firebase_core:generateDebugAssets UP-TO-DATE
> Task :firebase_core:packageDebugAssets UP-TO-DATE
> Task :shared_preferences_android:mergeDebugShaders UP-TO-DATE
> Task :shared_preferences_android:compileDebugShaders NO-SOURCE
> Task :shared_preferences_android:generateDebugAssets UP-TO-DATE
> Task :shared_preferences_android:packageDebugAssets UP-TO-DATE
> Task :app:mergeDebugAssets
> Task :app:copyFlutterAssetsDebug
> Task :app:generateDebugResValues UP-TO-DATE
> Task :app:processDebugGoogleServices UP-TO-DATE
> Task :cloud_firestore:generateDebugResValues UP-TO-DATE
> Task :cloud_firestore:generateDebugResources UP-TO-DATE
> Task :cloud_firestore:packageDebugResources UP-TO-DATE
> Task :firebase_auth:generateDebugResValues UP-TO-DATE
> Task :firebase_auth:generateDebugResources UP-TO-DATE
> Task :firebase_auth:packageDebugResources UP-TO-DATE
> Task :firebase_core:generateDebugResValues UP-TO-DATE
> Task :firebase_core:generateDebugResources UP-TO-DATE
> Task :firebase_core:packageDebugResources UP-TO-DATE
> Task :shared_preferences_android:generateDebugResValues UP-TO-DATE
> Task :shared_preferences_android:generateDebugResources UP-TO-DATE
> Task :shared_preferences_android:packageDebugResources UP-TO-DATE
> Task :app:mapDebugSourceSetPaths UP-TO-DATE
> Task :app:generateDebugResources UP-TO-DATE
> Task :app:mergeDebugResources UP-TO-DATE
> Task :app:packageDebugResources UP-TO-DATE
> Task :app:parseDebugLocalResources UP-TO-DATE
> Task :app:createDebugCompatibleScreenManifests UP-TO-DATE
> Task :app:extractDeepLinksDebug UP-TO-DATE
> Task :cloud_firestore:extractDeepLinksDebug UP-TO-DATE
> Task :cloud_firestore:processDebugManifest UP-TO-DATE
> Task :firebase_auth:extractDeepLinksDebug UP-TO-DATE
> Task :firebase_auth:processDebugManifest UP-TO-DATE
> Task :firebase_core:extractDeepLinksDebug UP-TO-DATE
> Task :firebase_core:processDebugManifest UP-TO-DATE
> Task :shared_preferences_android:extractDeepLinksDebug UP-TO-DATE
> Task :shared_preferences_android:processDebugManifest UP-TO-DATE
> Task :app:processDebugMainManifest UP-TO-DATE
> Task :app:processDebugManifest UP-TO-DATE
> Task :app:processDebugManifestForPackage UP-TO-DATE
> Task :cloud_firestore:compileDebugLibraryResources UP-TO-DATE
> Task :cloud_firestore:parseDebugLocalResources UP-TO-DATE
> Task :cloud_firestore:generateDebugRFile UP-TO-DATE
> Task :firebase_auth:compileDebugLibraryResources UP-TO-DATE
> Task :firebase_auth:parseDebugLocalResources UP-TO-DATE
> Task :firebase_auth:generateDebugRFile UP-TO-DATE
> Task :firebase_core:compileDebugLibraryResources UP-TO-DATE
> Task :firebase_core:parseDebugLocalResources UP-TO-DATE
> Task :firebase_core:generateDebugRFile UP-TO-DATE
> Task :shared_preferences_android:compileDebugLibraryResources UP-TO-DATE
> Task :shared_preferences_android:parseDebugLocalResources UP-TO-DATE
> Task :shared_preferences_android:generateDebugRFile UP-TO-DATE
> Task :cloud_firestore:generateDebugBuildConfig UP-TO-DATE
> Task :cloud_firestore:javaPreCompileDebug UP-TO-DATE
> Task :firebase_core:generateDebugBuildConfig UP-TO-DATE
> Task :firebase_core:javaPreCompileDebug UP-TO-DATE
> Task :app:processDebugResources
> Task :firebase_core:compileDebugJavaWithJavac FAILED

FAILURE: Build failed with an exception.

* What went wrong:
Execution failed for task ':firebase_core:compileDebugJavaWithJavac'.
> Could not resolve all files for configuration ':firebase_core:androidJdkImage'.
   > Failed to transform core-for-system-modules.jar to match attributes {artifactType=_internal_android_jdk_image, org.gradle.libraryelements=jar, org.gradle.usage=java-runtime}.
      > Execution failed for JdkImageTransform: C:\Users\Usuario\.gemini\antigravity\scratch\android-sdk\platforms\android-34\core-for-system-modules.jar.
         > Error while executing process C:\Program Files\Android\Android Studio\jbr\bin\jlink.exe with arguments {--module-path C:\Users\Usuario\.gradle\caches\transforms-3\099e1791b60fcf73a6fa39d34bc34407\transformed\output\temp\jmod --add-modules java.base --output C:\Users\Usuario\.gradle\caches\transforms-3\099e1791b60fcf73a6fa39d34bc34407\transformed\output\jdkImage --disable-plugin system-modules}

* Try:
> Run with --stacktrace option to get the stack trace.
> Run with --info or --debug option to get more log output.
> Run with --scan to get full insights.
> Get more help at https://help.gradle.org.

Deprecated Gradle features were used in this build, making it incompatible with Gradle 9.0.

You can use '--warning-mode all' to show the individual deprecation warnings and determine if they come from your own scripts or plugins.

For more on this, please refer to https://docs.gradle.org/8.3/userguide/command_line_interface.html#sec:command_line_warnings in the Gradle documentation.

BUILD FAILED in 16s
68 actionable tasks: 6 executed, 62 up-to-date
